<?xml version="1.0" encoding="UTF-8"?>
<testsuite xmlns:xsi="http://www.w3.org/2001/XMLSchema-instance" xsi:noNamespaceSchemaLocation="https://maven.apache.org/surefire/maven-surefire-plugin/xsd/surefire-test-report-3.0.xsd" version="3.0" name="com.flickit.rating.controller.RatingControllerIT" time="7.234" tests="1" errors="0" skipped="0" failures="0">
  <properties>
[...]
</properties>
  <testcase name="rate_shouldCreateRatingSuccessfully" classname="com.flickit.rating.controller.RatingControllerIT" time="1.053">
    <system-out><![CDATA[21:11:21.472 [main] INFO org.springframework.test.context.support.AnnotationConfigContextLoaderUtils -- Could not detect default configuration classes for test class [com.flickit.rating.controller.RatingControllerIT]: RatingControllerIT does not declare any static, non-private, non-final, nested classes annotated with @Configuration.
21:11:21.570 [main] INFO org.springframework.boot.test.context.SpringBootTestContextBootstrapper -- Found @SpringBootConfiguration com.flickit.FlickItBackendApplication for test class com.flickit.rating.controller.RatingControllerIT

  .   ____          _            __ _ _
 /\\ / ___'_ __ _ _(_)_ __  __ _ \ \ \ \
( ( )\___ | '_ | '_| | '_ \/ _` | \ \ \ \
 \\/  ___)| |_)| | | | | || (_| |  ) ) ) )
  '  |____| .__|_| |_|_| |_\__, | / / / /
 =========|_|==============|___/=/_/_/_/
 :: Spring Boot ::                (v3.2.5)

2025-08-19T21:11:21.930+02:00  INFO 9468 --- [           main] c.f.r.controller.RatingControllerIT      : Starting RatingControllerIT using Java 17.0.2 with PID 9468 (started by Lucjan Sakowicz in E:\FlickIt v0.0)
2025-08-19T21:11:21.932+02:00  INFO 9468 --- [           main] c.f.r.controller.RatingControllerIT      : The following 1 profile is active: "test"
2025-08-19T21:11:22.732+02:00  INFO 9468 --- [           main] .s.d.r.c.RepositoryConfigurationDelegate : Bootstrapping Spring Data JPA repositories in DEFAULT mode.
2025-08-19T21:11:22.797+02:00  INFO 9468 --- [           main] .s.d.r.c.RepositoryConfigurationDelegate : Finished Spring Data repository scanning in 59 ms. Found 4 JPA repository interfaces.
2025-08-19T21:11:23.588+02:00  INFO 9468 --- [           main] o.s.b.w.embedded.tomcat.TomcatWebServer  : Tomcat initialized with port 0 (http)
2025-08-19T21:11:23.600+02:00  INFO 9468 --- [           main] o.apache.catalina.core.StandardService   : Starting service [Tomcat]
2025-08-19T21:11:23.600+02:00  INFO 9468 --- [           main] o.apache.catalina.core.StandardEngine    : Starting Servlet engine: [Apache Tomcat/10.1.20]
2025-08-19T21:11:23.621+02:00  INFO 9468 --- [           main] o.apache.catalina.loader.WebappLoader    : Unknown class loader [jdk.internal.loader.ClassLoaders$PlatformClassLoader@18f919ce] of class [class jdk.internal.loader.ClassLoaders$PlatformClassLoader]
2025-08-19T21:11:23.666+02:00  INFO 9468 --- [           main] o.a.c.c.C.[Tomcat].[localhost].[/]       : Initializing Spring embedded WebApplicationContext
2025-08-19T21:11:23.668+02:00  INFO 9468 --- [           main] w.s.c.ServletWebServerApplicationContext : Root WebApplicationContext: initialization completed in 1722 ms
2025-08-19T21:11:23.935+02:00  INFO 9468 --- [           main] com.zaxxer.hikari.HikariDataSource       : HikariPool-1 - Starting...
2025-08-19T21:11:24.139+02:00  INFO 9468 --- [           main] com.zaxxer.hikari.pool.HikariPool        : HikariPool-1 - Added connection conn0: url=jdbc:h2:mem:2c2e3d74-d2a5-41f0-abf3-7de39c543c03 user=SA
2025-08-19T21:11:24.140+02:00  INFO 9468 --- [           main] com.zaxxer.hikari.HikariDataSource       : HikariPool-1 - Start completed.
2025-08-19T21:11:24.181+02:00  INFO 9468 --- [           main] o.hibernate.jpa.internal.util.LogHelper  : HHH000204: Processing PersistenceUnitInfo [name: default]
2025-08-19T21:11:24.226+02:00  INFO 9468 --- [           main] org.hibernate.Version                    : HHH000412: Hibernate ORM core version 6.4.4.Final
2025-08-19T21:11:24.261+02:00  INFO 9468 --- [           main] o.h.c.internal.RegionFactoryInitiator    : HHH000026: Second-level cache disabled
2025-08-19T21:11:24.427+02:00  INFO 9468 --- [           main] o.s.o.j.p.SpringPersistenceUnitInfo      : No LoadTimeWeaver setup: ignoring JPA class transformer
2025-08-19T21:11:25.144+02:00  INFO 9468 --- [           main] o.h.e.t.j.p.i.JtaPlatformInitiator       : HHH000489: No JTA platform available (set 'hibernate.transaction.jta.platform' to enable JTA platform integration)
2025-08-19T21:11:25.171+02:00  INFO 9468 --- [           main] j.LocalContainerEntityManagerFactoryBean : Initialized JPA EntityManagerFactory for persistence unit 'default'
2025-08-19T21:11:26.103+02:00  WARN 9468 --- [           main] JpaBaseConfiguration$JpaWebConfiguration : spring.jpa.open-in-view is enabled by default. Therefore, database queries may be performed during view rendering. Explicitly configure spring.jpa.open-in-view to disable this warning
2025-08-19T21:11:26.165+02:00  WARN 9468 --- [           main] .s.s.UserDetailsServiceAutoConfiguration : 

Using generated security password: f5fac735-d4a9-4c8a-ad0e-a673352a0f02

This generated password is for development use only. Your security configuration must be updated before running your application in production.

2025-08-19T21:11:26.865+02:00  INFO 9468 --- [           main] o.s.s.web.DefaultSecurityFilterChain     : Will secure any request with [org.springframework.security.web.session.DisableEncodeUrlFilter@20a7dc29, org.springframework.security.web.context.request.async.WebAsyncManagerIntegrationFilter@61a4a71c, org.springframework.security.web.context.SecurityContextHolderFilter@773a45bd, org.springframework.security.web.header.HeaderWriterFilter@3de8af4d, org.springframework.web.filter.CorsFilter@3d233253, org.springframework.security.web.authentication.logout.LogoutFilter@721e04f1, com.flickit.auth.filter.JwtAuthenticationFilter@7aead157, org.springframework.security.web.savedrequest.RequestCacheAwareFilter@456454e0, org.springframework.security.web.servletapi.SecurityContextHolderAwareRequestFilter@6586b4e3, org.springframework.security.web.authentication.AnonymousAuthenticationFilter@462d8276, org.springframework.security.web.access.ExceptionTranslationFilter@4d37a098, org.springframework.security.web.access.intercept.AuthorizationFilter@17aadd1c]
2025-08-19T21:11:27.377+02:00  INFO 9468 --- [           main] o.a.c.c.C.[Tomcat].[localhost].[/]       : Initializing Spring TestDispatcherServlet ''
2025-08-19T21:11:27.378+02:00  INFO 9468 --- [           main] o.s.t.web.servlet.TestDispatcherServlet  : Initializing Servlet ''
2025-08-19T21:11:27.379+02:00  INFO 9468 --- [           main] o.s.t.web.servlet.TestDispatcherServlet  : Completed initialization in 1 ms
2025-08-19T21:11:27.491+02:00  INFO 9468 --- [           main] o.s.b.w.embedded.tomcat.TomcatWebServer  : Tomcat started on port 59853 (http) with context path ''
2025-08-19T21:11:27.524+02:00  INFO 9468 --- [           main] c.f.r.controller.RatingControllerIT      : Started RatingControllerIT in 5.833 seconds (process running for 10.459)
]]></system-out>
  </testcase>
</testsuite>